#
# There is insufficient memory for the Java Runtime Environment to continue.
# Native memory allocation (malloc) failed to allocate 1054496 bytes. Error detail: Chunk::new
# Possible reasons:
#   The system is out of physical RAM or swap space
#   This process is running with CompressedOops enabled, and the Java Heap may be blocking the growth of the native heap
# Possible solutions:
#   Reduce memory load on the system
#   Increase physical memory or swap space
#   Check if swap backing store is full
#   Decrease Java heap size (-Xmx/-Xms)
#   Decrease number of Java threads
#   Decrease Java thread stack sizes (-Xss)
#   Set larger code cache with -XX:ReservedCodeCacheSize=
#   JVM is running with Zero Based Compressed Oops mode in which the Java heap is
#     placed in the first 32GB address space. The Java Heap base address is the
#     maximum limit for the native heap growth. Please use -XX:HeapBaseMinAddress
#     to set the Java Heap base and to place the Java Heap above 32GB virtual address.
# This output file may be truncated or incomplete.
#
#  Out of Memory Error (arena.cpp:168), pid=7688, tid=22980
#
# JRE version: OpenJDK Runtime Environment Temurin-21.0.10+7 (21.0.10+7) (build 21.0.10+7-LTS)
# Java VM: OpenJDK 64-Bit Server VM Temurin-21.0.10+7 (21.0.10+7-LTS, mixed mode, sharing, tiered, compressed oops, compressed class ptrs, g1 gc, windows-amd64)
# No core dump will be written. Minidumps are not enabled by default on client versions of Windows
#

---------------  S U M M A R Y ------------

Command Line: --add-opens=java.base/java.lang=ALL-UNNAMED --add-opens=java.base/java.lang.invoke=ALL-UNNAMED --add-opens=java.base/java.util=ALL-UNNAMED --add-opens=java.prefs/java.util.prefs=ALL-UNNAMED --add-exports=jdk.compiler/com.sun.tools.javac.api=ALL-UNNAMED --add-exports=jdk.compiler/com.sun.tools.javac.util=ALL-UNNAMED --add-opens=java.base/java.util=ALL-UNNAMED --add-opens=java.prefs/java.util.prefs=ALL-UNNAMED --add-opens=java.base/java.nio.charset=ALL-UNNAMED --add-opens=java.base/java.net=ALL-UNNAMED --add-opens=java.base/java.util.concurrent.atomic=ALL-UNNAMED --add-opens=java.xml/javax.xml.namespace=ALL-UNNAMED -XX:MaxMetaspaceSize=4G -XX:ReservedCodeCacheSize=512m -XX:+HeapDumpOnOutOfMemoryError -Xmx8G -Dfile.encoding=UTF-8 -Duser.country=US -Duser.language=en -Duser.variant -javaagent:C:\Users\ashab\.gradle\wrapper\dists\gradle-8.14-all\c2qonpi39x1mddn7hk5gh9iqj\gradle-8.14\lib\agents\gradle-instrumentation-agent-8.14.jar org.gradle.launcher.daemon.bootstrap.GradleDaemon 8.14

Host: AMD Ryzen 5 5500U with Radeon Graphics         , 12 cores, 13G,  Windows 11 , 64 bit Build 26100 (10.0.26100.8246)
Time: Sat Apr 18 02:44:25 2026 Bangladesh Standard Time elapsed time: 14.916749 seconds (0d 0h 0m 14s)

---------------  T H R E A D  ---------------

Current thread (0x000001bd4f5062a0):  JavaThread "C2 CompilerThread0" daemon [_thread_in_native, id=22980, stack(0x0000000cafc00000,0x0000000cafd00000) (1024K)]


Current CompileTask:
C2:14916 7479 %     4       org.gradle.internal.instantiation.generator.AbstractClassGenerator::inspectType @ 292 (602 bytes)

Stack: [0x0000000cafc00000,0x0000000cafd00000]
Native frames: (J=compiled Java code, j=interpreted, Vv=VM code, C=native code)
V  [jvm.dll+0x6d7a39]
V  [jvm.dll+0x8b4b26]
V  [jvm.dll+0x8b70de]
V  [jvm.dll+0x8b77c3]
V  [jvm.dll+0x284346]
V  [jvm.dll+0xc66ed]
V  [jvm.dll+0xc6c31]
V  [jvm.dll+0x2fb29e]
V  [jvm.dll+0x5fe884]
V  [jvm.dll+0x255b17]
V  [jvm.dll+0x255edd]
V  [jvm.dll+0x24e500]
V  [jvm.dll+0x24ba42]
V  [jvm.dll+0x1cb34e]
V  [jvm.dll+0x25b85d]
V  [jvm.dll+0x259dea]
V  [jvm.dll+0x3f857e]
V  [jvm.dll+0x85f59d]
V  [jvm.dll+0x6d626d]
C  [ucrtbase.dll+0x37b0]
C  [KERNEL32.DLL+0x2e8d7]
C  [ntdll.dll+0x8c3fc]


---------------  P R O C E S S  ---------------

Threads class SMR info:
_java_thread_list=0x000001bd9b782730, length=69, elements={
0x000001bd21993280, 0x000001bd4f4e3c80, 0x000001bd4f4e66f0, 0x000001bd4f4eaba0,
0x000001bd4f4ed870, 0x000001bd4f4f1170, 0x000001bd4f4ef490, 0x000001bd4f5062a0,
0x000001bd4f5086a0, 0x000001bd97287390, 0x000001bd971e8330, 0x000001bd9816a640,
0x000001bd98168570, 0x000001bd98169920, 0x000001bd98169290, 0x000001bd9816acd0,
0x000001bd98168c00, 0x000001bd9816b360, 0x000001bd98c8e9c0, 0x000001bd98c8d610,
0x000001bd98c8c260, 0x000001bd98c8dca0, 0x000001bd98c8cf80, 0x000001bd98c8bbd0,
0x000001bd98c8e330, 0x000001bd98c8f6e0, 0x000001bd98c8c8f0, 0x000001bd98c90a90,
0x000001bd98c931f0, 0x000001bd98c91120, 0x000001bd98c917b0, 0x000001bd98c8fd70,
0x000001bd9aed92a0, 0x000001bd9aedd440, 0x000001bd9aed9fc0, 0x000001bd9aedace0,
0x000001bd9aedc090, 0x000001bd9aedc720, 0x000001bd9aedcdb0, 0x000001bd9aedb370,
0x000001bd9aeddad0, 0x000001bd9aeda650, 0x000001bd9aee0230, 0x000001bd9aee08c0,
0x000001bd9aede160, 0x000001bd9aedf510, 0x000001bd9aedee80, 0x000001bd9aedfba0,
0x000001bd9aede7f0, 0x000001bd9d1211f0, 0x000001bd9d120b60, 0x000001bd9d11f7b0,
0x000001bd9d1204d0, 0x000001bd9d11dd70, 0x000001bd9d11e400, 0x000001bd9d11fe40,
0x000001bd9d121880, 0x000001bd9d121f10, 0x000001bd9d11ea90, 0x000001bd9d1225a0,
0x000001bd9d11f120, 0x000001bd9d124670, 0x000001bd9d1232c0, 0x000001bd9d123950,
0x000001bd9d125390, 0x000001bd9d122c30, 0x000001bd9d124d00, 0x000001bd9a4db460,
0x000001bd972ef990
}

Java Threads: ( => current thread )
  0x000001bd21993280 JavaThread "main"                              [_thread_blocked, id=9380, stack(0x0000000caee00000,0x0000000caef00000) (1024K)]
  0x000001bd4f4e3c80 JavaThread "Reference Handler"          daemon [_thread_blocked, id=23420, stack(0x0000000caf600000,0x0000000caf700000) (1024K)]
  0x000001bd4f4e66f0 JavaThread "Finalizer"                  daemon [_thread_blocked, id=27084, stack(0x0000000caf700000,0x0000000caf800000) (1024K)]
  0x000001bd4f4eaba0 JavaThread "Signal Dispatcher"          daemon [_thread_blocked, id=23920, stack(0x0000000caf800000,0x0000000caf900000) (1024K)]
  0x000001bd4f4ed870 JavaThread "Attach Listener"            daemon [_thread_blocked, id=26516, stack(0x0000000caf900000,0x0000000cafa00000) (1024K)]
  0x000001bd4f4f1170 JavaThread "Service Thread"             daemon [_thread_blocked, id=30748, stack(0x0000000cafa00000,0x0000000cafb00000) (1024K)]
  0x000001bd4f4ef490 JavaThread "Monitor Deflation Thread"   daemon [_thread_blocked, id=17640, stack(0x0000000cafb00000,0x0000000cafc00000) (1024K)]
=>0x000001bd4f5062a0 JavaThread "C2 CompilerThread0"         daemon [_thread_in_native, id=22980, stack(0x0000000cafc00000,0x0000000cafd00000) (1024K)]
  0x000001bd4f5086a0 JavaThread "C1 CompilerThread0"         daemon [_thread_blocked, id=17528, stack(0x0000000cafd00000,0x0000000cafe00000) (1024K)]
  0x000001bd97287390 JavaThread "Common-Cleaner"             daemon [_thread_blocked, id=28208, stack(0x0000000cafe00000,0x0000000caff00000) (1024K)]
  0x000001bd971e8330 JavaThread "Notification Thread"        daemon [_thread_blocked, id=19704, stack(0x0000000caff00000,0x0000000cb0000000) (1024K)]
  0x000001bd9816a640 JavaThread "Daemon health stats"               [_thread_blocked, id=29256, stack(0x0000000cb0600000,0x0000000cb0700000) (1024K)]
  0x000001bd98168570 JavaThread "Incoming local TCP Connector on port 63450"        [_thread_in_native, id=20608, stack(0x0000000cb0700000,0x0000000cb0800000) (1024K)]
  0x000001bd98169920 JavaThread "Daemon periodic checks"            [_thread_blocked, id=29904, stack(0x0000000cb0500000,0x0000000cb0600000) (1024K)]
  0x000001bd98169290 JavaThread "Daemon"                            [_thread_blocked, id=640, stack(0x0000000cb0800000,0x0000000cb0900000) (1024K)]
  0x000001bd9816acd0 JavaThread "Handler for socket connection from /127.0.0.1:63450 to /127.0.0.1:63451"        [_thread_in_native, id=24544, stack(0x0000000cb0900000,0x0000000cb0a00000) (1024K)]
  0x000001bd98168c00 JavaThread "Cancel handler"                    [_thread_blocked, id=34884, stack(0x0000000cb0a00000,0x0000000cb0b00000) (1024K)]
  0x000001bd9816b360 JavaThread "Daemon worker"                     [_thread_in_native, id=31472, stack(0x0000000cb0b00000,0x0000000cb0c00000) (1024K)]
  0x000001bd98c8e9c0 JavaThread "Asynchronous log dispatcher for DefaultDaemonConnection: socket connection from /127.0.0.1:63450 to /127.0.0.1:63451"        [_thread_blocked, id=29732, stack(0x0000000cb0c00000,0x0000000cb0d00000) (1024K)]
  0x000001bd98c8d610 JavaThread "Stdin handler"                     [_thread_blocked, id=31184, stack(0x0000000cb0d00000,0x0000000cb0e00000) (1024K)]
  0x000001bd98c8c260 JavaThread "Daemon client event forwarder"        [_thread_blocked, id=35280, stack(0x0000000cb0e00000,0x0000000cb0f00000) (1024K)]
  0x000001bd98c8dca0 JavaThread "Cache worker for journal cache (C:\Users\ashab\.gradle\caches\journal-1)"        [_thread_blocked, id=19928, stack(0x0000000cb1400000,0x0000000cb1500000) (1024K)]
  0x000001bd98c8cf80 JavaThread "File lock request listener"        [_thread_in_native, id=28748, stack(0x0000000cb1500000,0x0000000cb1600000) (1024K)]
  0x000001bd98c8bbd0 JavaThread "Cache worker for file hash cache (C:\Users\ashab\.gradle\caches\8.14\fileHashes)"        [_thread_blocked, id=17280, stack(0x0000000cb1600000,0x0000000cb1700000) (1024K)]
  0x000001bd98c8e330 JavaThread "Cache worker for file hash cache (F:\Resume Pilot 2.0\frontend\android\.gradle\8.14\fileHashes)"        [_thread_blocked, id=23716, stack(0x0000000cb1a00000,0x0000000cb1b00000) (1024K)]
  0x000001bd98c8f6e0 JavaThread "Cache worker for Build Output Cleanup Cache (F:\Resume Pilot 2.0\frontend\android\.gradle\buildOutputCleanup)"        [_thread_blocked, id=26340, stack(0x0000000cb1b00000,0x0000000cb1c00000) (1024K)]
  0x000001bd98c8c8f0 JavaThread "File watcher server"        daemon [_thread_in_native, id=35592, stack(0x0000000cb1c00000,0x0000000cb1d00000) (1024K)]
  0x000001bd98c90a90 JavaThread "File watcher consumer"      daemon [_thread_blocked, id=26608, stack(0x0000000cb1d00000,0x0000000cb1e00000) (1024K)]
  0x000001bd98c931f0 JavaThread "Cache worker for checksums cache (F:\Resume Pilot 2.0\frontend\android\.gradle\8.14\checksums)"        [_thread_blocked, id=12712, stack(0x0000000cb1900000,0x0000000cb1a00000) (1024K)]
  0x000001bd98c91120 JavaThread "Cache worker for file content cache (C:\Users\ashab\.gradle\caches\8.14\fileContent)"        [_thread_blocked, id=24916, stack(0x0000000cb1e00000,0x0000000cb1f00000) (1024K)]
  0x000001bd98c917b0 JavaThread "Cache worker for cache directory md-supplier (C:\Users\ashab\.gradle\caches\8.14\md-supplier)"        [_thread_blocked, id=35832, stack(0x0000000cb1f00000,0x0000000cb2000000) (1024K)]
  0x000001bd98c8fd70 JavaThread "Cache worker for cache directory md-rule (C:\Users\ashab\.gradle\caches\8.14\md-rule)"        [_thread_blocked, id=9596, stack(0x0000000cb2000000,0x0000000cb2100000) (1024K)]
  0x000001bd9aed92a0 JavaThread "Cache worker for Build Output Cleanup Cache (F:\Softwares\flutter_windows_3.41.4-stable\flutter\packages\flutter_tools\gradle\.gradle\buildOutputCleanup)"        [_thread_blocked, id=10132, stack(0x0000000cb2100000,0x0000000cb2200000) (1024K)]
  0x000001bd9aedd440 JavaThread "Unconstrained build operations"        [_thread_blocked, id=18624, stack(0x0000000cb2200000,0x0000000cb2300000) (1024K)]
  0x000001bd9aed9fc0 JavaThread "Unconstrained build operations Thread 2"        [_thread_blocked, id=26944, stack(0x0000000cb2300000,0x0000000cb2400000) (1024K)]
  0x000001bd9aedace0 JavaThread "Unconstrained build operations Thread 3"        [_thread_blocked, id=31644, stack(0x0000000cb2400000,0x0000000cb2500000) (1024K)]
  0x000001bd9aedc090 JavaThread "Unconstrained build operations Thread 4"        [_thread_blocked, id=23544, stack(0x0000000cb2500000,0x0000000cb2600000) (1024K)]
  0x000001bd9aedc720 JavaThread "Unconstrained build operations Thread 5"        [_thread_blocked, id=21728, stack(0x0000000cb2600000,0x0000000cb2700000) (1024K)]
  0x000001bd9aedcdb0 JavaThread "Unconstrained build operations Thread 6"        [_thread_blocked, id=19932, stack(0x0000000cb2700000,0x0000000cb2800000) (1024K)]
  0x000001bd9aedb370 JavaThread "Unconstrained build operations Thread 7"        [_thread_blocked, id=27480, stack(0x0000000cb2800000,0x0000000cb2900000) (1024K)]
  0x000001bd9aeddad0 JavaThread "Unconstrained build operations Thread 8"        [_thread_blocked, id=23028, stack(0x0000000cb2900000,0x0000000cb2a00000) (1024K)]
  0x000001bd9aeda650 JavaThread "Unconstrained build operations Thread 9"        [_thread_blocked, id=32148, stack(0x0000000cb2a00000,0x0000000cb2b00000) (1024K)]
  0x000001bd9aee0230 JavaThread "Unconstrained build operations Thread 10"        [_thread_blocked, id=32216, stack(0x0000000cb2b00000,0x0000000cb2c00000) (1024K)]
  0x000001bd9aee08c0 JavaThread "Unconstrained build operations Thread 11"        [_thread_blocked, id=3916, stack(0x0000000cb2c00000,0x0000000cb2d00000) (1024K)]
  0x000001bd9aede160 JavaThread "Unconstrained build operations Thread 12"        [_thread_blocked, id=17340, stack(0x0000000cb2d00000,0x0000000cb2e00000) (1024K)]
  0x000001bd9aedf510 JavaThread "Unconstrained build operations Thread 13"        [_thread_blocked, id=24480, stack(0x0000000cb2e00000,0x0000000cb2f00000) (1024K)]
  0x000001bd9aedee80 JavaThread "Unconstrained build operations Thread 14"        [_thread_blocked, id=29036, stack(0x0000000cb2f00000,0x0000000cb3000000) (1024K)]
  0x000001bd9aedfba0 JavaThread "Unconstrained build operations Thread 15"        [_thread_blocked, id=7800, stack(0x0000000cb3000000,0x0000000cb3100000) (1024K)]
  0x000001bd9aede7f0 JavaThread "Unconstrained build operations Thread 16"        [_thread_blocked, id=14608, stack(0x0000000cb3100000,0x0000000cb3200000) (1024K)]
  0x000001bd9d1211f0 JavaThread "Unconstrained build operations Thread 17"        [_thread_blocked, id=35048, stack(0x0000000cb3200000,0x0000000cb3300000) (1024K)]
  0x000001bd9d120b60 JavaThread "Unconstrained build operations Thread 18"        [_thread_blocked, id=28072, stack(0x0000000cb3300000,0x0000000cb3400000) (1024K)]
  0x000001bd9d11f7b0 JavaThread "Unconstrained build operations Thread 19"        [_thread_blocked, id=33584, stack(0x0000000cb3400000,0x0000000cb3500000) (1024K)]
  0x000001bd9d1204d0 JavaThread "Unconstrained build operations Thread 20"        [_thread_blocked, id=10824, stack(0x0000000cb3500000,0x0000000cb3600000) (1024K)]
  0x000001bd9d11dd70 JavaThread "Unconstrained build operations Thread 21"        [_thread_blocked, id=26628, stack(0x0000000cb3600000,0x0000000cb3700000) (1024K)]
  0x000001bd9d11e400 JavaThread "Unconstrained build operations Thread 22"        [_thread_blocked, id=25740, stack(0x0000000cb3700000,0x0000000cb3800000) (1024K)]
  0x000001bd9d11fe40 JavaThread "Unconstrained build operations Thread 23"        [_thread_blocked, id=13016, stack(0x0000000cb3800000,0x0000000cb3900000) (1024K)]
  0x000001bd9d121880 JavaThread "Unconstrained build operations Thread 24"        [_thread_blocked, id=28260, stack(0x0000000cb3900000,0x0000000cb3a00000) (1024K)]
  0x000001bd9d121f10 JavaThread "Unconstrained build operations Thread 25"        [_thread_blocked, id=1844, stack(0x0000000cb3a00000,0x0000000cb3b00000) (1024K)]
  0x000001bd9d11ea90 JavaThread "Unconstrained build operations Thread 26"        [_thread_blocked, id=13436, stack(0x0000000cb3b00000,0x0000000cb3c00000) (1024K)]
  0x000001bd9d1225a0 JavaThread "Unconstrained build operations Thread 27"        [_thread_blocked, id=27160, stack(0x0000000cb3c00000,0x0000000cb3d00000) (1024K)]
  0x000001bd9d11f120 JavaThread "Unconstrained build operations Thread 28"        [_thread_blocked, id=33876, stack(0x0000000cb3d00000,0x0000000cb3e00000) (1024K)]
  0x000001bd9d124670 JavaThread "Unconstrained build operations Thread 29"        [_thread_blocked, id=9240, stack(0x0000000cb3e00000,0x0000000cb3f00000) (1024K)]
  0x000001bd9d1232c0 JavaThread "Unconstrained build operations Thread 30"        [_thread_blocked, id=17244, stack(0x0000000cb3f00000,0x0000000cb4000000) (1024K)]
  0x000001bd9d123950 JavaThread "Unconstrained build operations Thread 31"        [_thread_blocked, id=16912, stack(0x0000000cb4000000,0x0000000cb4100000) (1024K)]
  0x000001bd9d125390 JavaThread "Unconstrained build operations Thread 32"        [_thread_blocked, id=2804, stack(0x0000000cb4100000,0x0000000cb4200000) (1024K)]
  0x000001bd9d122c30 JavaThread "Unconstrained build operations Thread 33"        [_thread_blocked, id=20296, stack(0x0000000cb4200000,0x0000000cb4300000) (1024K)]
  0x000001bd9d124d00 JavaThread "Memory manager"                    [_thread_blocked, id=804, stack(0x0000000cb4300000,0x0000000cb4400000) (1024K)]
  0x000001bd9a4db460 JavaThread "build event listener"              [_thread_blocked, id=21484, stack(0x0000000cb4400000,0x0000000cb4500000) (1024K)]
  0x000001bd972ef990 JavaThread "C2 CompilerThread1"         daemon [_thread_in_native, id=27556, stack(0x0000000cb0400000,0x0000000cb0500000) (1024K)]
Total: 69

Other Threads:
  0x000001bd4f4c8190 VMThread "VM Thread"                           [id=26848, stack(0x0000000caf500000,0x0000000caf600000) (1024K)]
  0x000001bd4f4bb190 WatcherThread "VM Periodic Task Thread"        [id=30184, stack(0x0000000caf400000,0x0000000caf500000) (1024K)]
  0x000001bd21a3e2d0 WorkerThread "GC Thread#0"                     [id=32304, stack(0x0000000caef00000,0x0000000caf000000) (1024K)]
  0x000001bd9720dd40 WorkerThread "GC Thread#1"                     [id=26208, stack(0x0000000cb0000000,0x0000000cb0100000) (1024K)]
  0x000001bd9720e0f0 WorkerThread "GC Thread#2"                     [id=20100, stack(0x0000000cb0100000,0x0000000cb0200000) (1024K)]
  0x000001bd9720e4a0 WorkerThread "GC Thread#3"                     [id=32308, stack(0x0000000cb0200000,0x0000000cb0300000) (1024K)]
  0x000001bd9720e850 WorkerThread "GC Thread#4"                     [id=26960, stack(0x0000000cb0300000,0x0000000cb0400000) (1024K)]
  0x000001bd979d74f0 WorkerThread "GC Thread#5"                     [id=32736, stack(0x0000000cb0f00000,0x0000000cb1000000) (1024K)]
  0x000001bd98c32b90 WorkerThread "GC Thread#6"                     [id=34252, stack(0x0000000cb1000000,0x0000000cb1100000) (1024K)]
  0x000001bd98c332f0 WorkerThread "GC Thread#7"                     [id=21808, stack(0x0000000cb1100000,0x0000000cb1200000) (1024K)]
  0x000001bd98c32080 WorkerThread "GC Thread#8"                     [id=30808, stack(0x0000000cb1200000,0x0000000cb1300000) (1024K)]
  0x000001bd98c33a50 WorkerThread "GC Thread#9"                     [id=34556, stack(0x0000000cb1300000,0x0000000cb1400000) (1024K)]
  0x000001bd4f314090 ConcurrentGCThread "G1 Main Marker"            [id=10196, stack(0x0000000caf000000,0x0000000caf100000) (1024K)]
  0x000001bd4f315250 WorkerThread "G1 Conc#0"                       [id=24704, stack(0x0000000caf100000,0x0000000caf200000) (1024K)]
  0x000001bd995f7dc0 WorkerThread "G1 Conc#1"                       [id=25488, stack(0x0000000cb1700000,0x0000000cb1800000) (1024K)]
  0x000001bd995f7a10 WorkerThread "G1 Conc#2"                       [id=25368, stack(0x0000000cb1800000,0x0000000cb1900000) (1024K)]
  0x000001bd4f38b9b0 ConcurrentGCThread "G1 Refine#0"               [id=26748, stack(0x0000000caf200000,0x0000000caf300000) (1024K)]
  0x000001bd4f38c440 ConcurrentGCThread "G1 Service"                [id=34452, stack(0x0000000caf300000,0x0000000caf400000) (1024K)]
Total: 18

Threads with active compile tasks:
C2 CompilerThread0  14949 7479 %     4       org.gradle.internal.instantiation.generator.AbstractClassGenerator::inspectType @ 292 (602 bytes)
C2 CompilerThread1  14949 7550       4       java.util.TreeMap::put (221 bytes)
Total: 2

VM state: not at safepoint (normal execution)

VM Mutex/Monitor currently owned by a thread: None

Heap address: 0x0000000600000000, size: 8192 MB, Compressed Oops mode: Zero based, Oop shift amount: 3

CDS archive(s) mapped at: [0x000001bd52000000-0x000001bd52ba0000-0x000001bd52ba0000), size 12189696, SharedBaseAddress: 0x000001bd52000000, ArchiveRelocationMode: 1.
Compressed class space mapped at: 0x000001bd53000000-0x000001bd93000000, reserved size: 1073741824
Narrow klass base: 0x000001bd52000000, Narrow klass shift: 0, Narrow klass range: 0x100000000

GC Precious Log:
 CardTable entry size: 512
 Card Set container configuration: InlinePtr #cards 4 size 8 Array Of Cards #cards 32 size 80 Howl #buckets 8 coarsen threshold 7372 Howl Bitmap #cards 1024 size 144 coarsen threshold 921 Card regions per heap region 1 cards per card region 8192
 CPUs: 12 total, 12 available
 Memory: 14181M
 Large Page Support: Disabled
 NUMA Support: Disabled
 Compressed Oops: Enabled (Zero based)
 Heap Region Size: 4M
 Heap Min Capacity: 8M
 Heap Initial Capacity: 224M
 Heap Max Capacity: 8G
 Pre-touch: Disabled
 Parallel Workers: 10
 Concurrent Workers: 3
 Concurrent Refinement Workers: 10
 Periodic GC: Disabled

Heap:
 garbage-first heap   total 118784K, used 66207K [0x0000000600000000, 0x0000000800000000)
  region size 4096K, 4 young (16384K), 2 survivors (8192K)
 Metaspace       used 64860K, committed 66880K, reserved 1114112K
  class space    used 9553K, committed 10560K, reserved 1048576K

Heap Regions: E=young(eden), S=young(survivor), O=old, HS=humongous(starts), HC=humongous(continues), CS=collection set, F=free, TAMS=top-at-mark-start, PB=parsable bottom
|   0|0x0000000600000000, 0x0000000600400000, 0x0000000600400000|100%|HS|  |TAMS 0x0000000600000000| PB 0x0000000600000000| Complete 
|   1|0x0000000600400000, 0x0000000600800000, 0x0000000600800000|100%| O|  |TAMS 0x0000000600400000| PB 0x0000000600400000| Untracked 
|   2|0x0000000600800000, 0x0000000600c00000, 0x0000000600c00000|100%| O|  |TAMS 0x0000000600800000| PB 0x0000000600800000| Untracked 
|   3|0x0000000600c00000, 0x0000000601000000, 0x0000000601000000|100%| O|  |TAMS 0x0000000600c00000| PB 0x0000000600c00000| Untracked 
|   4|0x0000000601000000, 0x0000000601000000, 0x0000000601400000|  0%| F|  |TAMS 0x0000000601000000| PB 0x0000000601000000| Untracked 
|   5|0x0000000601400000, 0x0000000601800000, 0x0000000601800000|100%| O|  |TAMS 0x0000000601400000| PB 0x0000000601400000| Untracked 
|   6|0x0000000601800000, 0x0000000601c00000, 0x0000000601c00000|100%| O|  |TAMS 0x0000000601800000| PB 0x0000000601800000| Untracked 
|   7|0x0000000601c00000, 0x0000000602000000, 0x0000000602000000|100%|HS|  |TAMS 0x0000000601c00000| PB 0x0000000601c00000| Complete 
|   8|0x0000000602000000, 0x0000000602400000, 0x0000000602400000|100%| O|  |TAMS 0x0000000602000000| PB 0x0000000602000000| Untracked 
|   9|0x0000000602400000, 0x0000000602800000, 0x0000000602800000|100%| O|  |TAMS 0x0000000602400000| PB 0x0000000602400000| Untracked 
|  10|0x0000000602800000, 0x0000000602c00000, 0x0000000602c00000|100%| O|  |TAMS 0x0000000602800000| PB 0x0000000602800000| Untracked 
|  11|0x0000000602c00000, 0x0000000602ff2e00, 0x0000000603000000| 98%| O|  |TAMS 0x0000000602c00000| PB 0x0000000602c00000| Untracked 
|  12|0x0000000603000000, 0x0000000603400000, 0x0000000603400000|100%|HS|  |TAMS 0x0000000603000000| PB 0x0000000603000000| Complete 
|  13|0x0000000603400000, 0x00000006034b50d8, 0x0000000603800000| 17%| S|CS|TAMS 0x0000000603400000| PB 0x0000000603400000| Complete 
|  14|0x0000000603800000, 0x0000000603c00000, 0x0000000603c00000|100%| S|CS|TAMS 0x0000000603800000| PB 0x0000000603800000| Complete 
|  15|0x0000000603c00000, 0x0000000603c00000, 0x0000000604000000|  0%| F|  |TAMS 0x0000000603c00000| PB 0x0000000603c00000| Untracked 
|  16|0x0000000604000000, 0x0000000604000000, 0x0000000604400000|  0%| F|  |TAMS 0x0000000604000000| PB 0x0000000604000000| Untracked 
|  17|0x0000000604400000, 0x0000000604400000, 0x0000000604800000|  0%| F|  |TAMS 0x0000000604400000| PB 0x0000000604400000| Untracked 
|  18|0x0000000604800000, 0x0000000604800000, 0x0000000604c00000|  0%| F|  |TAMS 0x0000000604800000| PB 0x0000000604800000| Untracked 
|  19|0x0000000604c00000, 0x0000000604c00000, 0x0000000605000000|  0%| F|  |TAMS 0x0000000604c00000| PB 0x0000000604c00000| Untracked 
|  20|0x0000000605000000, 0x0000000605000000, 0x0000000605400000|  0%| F|  |TAMS 0x0000000605000000| PB 0x0000000605000000| Untracked 
|  21|0x0000000605400000, 0x0000000605400000, 0x0000000605800000|  0%| F|  |TAMS 0x0000000605400000| PB 0x0000000605400000| Untracked 
|  31|0x0000000607c00000, 0x0000000607c00000, 0x0000000608000000|  0%| F|  |TAMS 0x0000000607c00000| PB 0x0000000607c00000| Untracked 
|  32|0x0000000608000000, 0x0000000608000000, 0x0000000608400000|  0%| F|  |TAMS 0x0000000608000000| PB 0x0000000608000000| Untracked 
|  36|0x0000000609000000, 0x0000000609000000, 0x0000000609400000|  0%| F|  |TAMS 0x0000000609000000| PB 0x0000000609000000| Untracked 
|  37|0x0000000609400000, 0x00000006097053c0, 0x0000000609800000| 75%| E|  |TAMS 0x0000000609400000| PB 0x0000000609400000| Complete 
|  55|0x000000060dc00000, 0x000000060e000000, 0x000000060e000000|100%| E|CS|TAMS 0x000000060dc00000| PB 0x000000060dc00000| Complete 
|2046|0x00000007ff800000, 0x00000007ffc00000, 0x00000007ffc00000|100%| O|  |TAMS 0x00000007ff800000| PB 0x00000007ff800000| Untracked 
|2047|0x00000007ffc00000, 0x0000000800000000, 0x0000000800000000|100%| O|  |TAMS 0x00000007ffc00000| PB 0x00000007ffc00000| Untracked 

Card table byte_map: [0x000001bd46310000,0x000001bd47310000] _byte_map_base: 0x000001bd43310000

Marking Bits: (CMBitMap*) 0x000001bd21a3e8f0
 Bits: [0x000001bd47310000, 0x000001bd4f310000)

Polling page: 0x000001bd1f700000

Metaspace:

Usage:
  Non-class:     54.01 MB used.
      Class:      9.33 MB used.
       Both:     63.34 MB used.

Virtual space:
  Non-class space:       64.00 MB reserved,      55.00 MB ( 86%) committed,  1 nodes.
      Class space:        1.00 GB reserved,      10.31 MB (  1%) committed,  1 nodes.
             Both:        1.06 GB reserved,      65.31 MB (  6%) committed. 

Chunk freelists:
   Non-Class:  8.30 MB
       Class:  5.41 MB
        Both:  13.70 MB

MaxMetaspaceSize: 4.00 GB
CompressedClassSpaceSize: 1.00 GB
Initial GC threshold: 21.00 MB
Current GC threshold: 98.12 MB
CDS: on
 - commit_granule_bytes: 65536.
 - commit_granule_words: 8192.
 - virtual_space_node_default_size: 8388608.
 - enlarge_chunks_in_place: 1.
 - use_allocation_guard: 0.


Internal statistics:

num_allocs_failed_limit: 9.
num_arena_births: 3602.
num_arena_deaths: 0.
num_vsnodes_births: 2.
num_vsnodes_deaths: 0.
num_space_committed: 1045.
num_space_uncommitted: 0.
num_chunks_returned_to_freelist: 9.
num_chunks_taken_from_freelist: 6685.
num_chunk_merges: 6.
num_chunk_splits: 4345.
num_chunks_enlarged: 2669.
num_inconsistent_stats: 0.

CodeHeap 'non-profiled nmethods': size=259264Kb used=4064Kb max_used=4065Kb free=255199Kb
 bounds [0x000001bd34e60000, 0x000001bd35260000, 0x000001bd44b90000]
CodeHeap 'profiled nmethods': size=259264Kb used=12883Kb max_used=12883Kb free=246380Kb
 bounds [0x000001bd24b90000, 0x000001bd25830000, 0x000001bd348c0000]
CodeHeap 'non-nmethods': size=5760Kb used=1926Kb max_used=1965Kb free=3833Kb
 bounds [0x000001bd348c0000, 0x000001bd34b30000, 0x000001bd34e60000]
CodeCache: size=524288Kb, used=18873Kb, max_used=18913Kb, free=505412Kb
 total_blobs=7590, nmethods=6800, adapters=694, full_count=0
Compilation: enabled, stopped_count=0, restarted_count=0

Compilation events (20 events):
Event: 13.886 Thread 0x000001bd4f5086a0 7520       3       java.lang.invoke.DirectMethodHandle$Holder::invokeStatic (17 bytes)
Event: 13.886 Thread 0x000001bd4f5086a0 nmethod 7520 0x000001bd25818310 code [0x000001bd258184e0, 0x000001bd25818988]
Event: 13.889 Thread 0x000001bd4f5086a0 7521       3       org.gradle.cache.internal.DefaultCrossBuildInMemoryCacheFactory$AbstractCrossBuildInMemoryCache$$Lambda/0x000001bd531c91f8::get (16 bytes)
Event: 13.889 Thread 0x000001bd4f5086a0 nmethod 7521 0x000001bd25818a90 code [0x000001bd25818c60, 0x000001bd25818f70]
Event: 13.889 Thread 0x000001bd4f5086a0 7522       3       org.gradle.cache.internal.DefaultCrossBuildInMemoryCacheFactory$AbstractCrossBuildInMemoryCache::lambda$get$1 (7 bytes)
Event: 13.889 Thread 0x000001bd4f5086a0 nmethod 7522 0x000001bd25819110 code [0x000001bd258192e0, 0x000001bd25819570]
Event: 13.889 Thread 0x000001bd4f5086a0 7523       3       org.gradle.cache.internal.DefaultCrossBuildInMemoryCacheFactory$AbstractCrossBuildInMemoryCache::produceAndRetain (15 bytes)
Event: 13.890 Thread 0x000001bd4f5086a0 nmethod 7523 0x000001bd25819690 code [0x000001bd25819840, 0x000001bd25819a70]
Event: 13.890 Thread 0x000001bd4f5086a0 7524   !   3       org.gradle.cache.internal.DefaultCrossBuildInMemoryCacheFactory$AbstractCrossBuildInMemoryCache::produce (75 bytes)
Event: 13.890 Thread 0x000001bd4f5086a0 nmethod 7524 0x000001bd25819b90 code [0x000001bd25819ec0, 0x000001bd2581adf8]
Event: 13.899 Thread 0x000001bd4f5086a0 7525       3       java.util.HashMap::keysToArray (81 bytes)
Event: 13.899 Thread 0x000001bd4f5086a0 nmethod 7525 0x000001bd2581b590 code [0x000001bd2581b760, 0x000001bd2581bc08]
Event: 13.902 Thread 0x000001bd4f5086a0 7526       3       org.gradle.api.internal.DefaultDomainObjectCollection::assertCanMutate (14 bytes)
Event: 13.902 Thread 0x000001bd4f5086a0 nmethod 7526 0x000001bd2581be10 code [0x000001bd2581bfe0, 0x000001bd2581c3d8]
Event: 13.904 Thread 0x000001bd4f5086a0 7527       1       com.google.common.cache.LocalCache$WeakEntry::getHash (5 bytes)
Event: 13.904 Thread 0x000001bd4f5086a0 nmethod 7527 0x000001bd34fc2010 code [0x000001bd34fc21a0, 0x000001bd34fc2268]
Event: 14.853 Thread 0x000001bd972ef990 7528       4       java.util.concurrent.locks.ReentrantLock$Sync::isHeldExclusively (16 bytes)
Event: 14.853 Thread 0x000001bd972ef990 nmethod 7528 0x000001bd34fc1d10 code [0x000001bd34fc1ea0, 0x000001bd34fc1f40]
Event: 14.882 Thread 0x000001bd4f5086a0 7529       3       java.lang.invoke.DirectMethodHandle$Holder::invokeStatic (17 bytes)
Event: 14.882 Thread 0x000001bd4f5086a0 nmethod 7529 0x000001bd2581c510 code [0x000001bd2581c6e0, 0x000001bd2581cbf0]

GC Heap History (20 events):
Event: 6.781 GC heap before
{Heap before GC invocations=5 (full 0):
 garbage-first heap   total 98304K, used 94239K [0x0000000600000000, 0x0000000800000000)
  region size 4096K, 21 young (86016K), 4 survivors (16384K)
 Metaspace       used 32071K, committed 33024K, reserved 1114112K
  class space    used 4593K, committed 5056K, reserved 1048576K
}
Event: 6.792 GC heap after
{Heap after GC invocations=6 (full 0):
 garbage-first heap   total 118784K, used 30471K [0x0000000600000000, 0x0000000800000000)
  region size 4096K, 3 young (12288K), 3 survivors (12288K)
 Metaspace       used 32071K, committed 33024K, reserved 1114112K
  class space    used 4593K, committed 5056K, reserved 1048576K
}
Event: 7.253 GC heap before
{Heap before GC invocations=6 (full 0):
 garbage-first heap   total 118784K, used 87815K [0x0000000600000000, 0x0000000800000000)
  region size 4096K, 17 young (69632K), 3 survivors (12288K)
 Metaspace       used 34588K, committed 35648K, reserved 1114112K
  class space    used 4862K, committed 5376K, reserved 1048576K
}
Event: 7.260 GC heap after
{Heap after GC invocations=7 (full 0):
 garbage-first heap   total 118784K, used 31651K [0x0000000600000000, 0x0000000800000000)
  region size 4096K, 2 young (8192K), 2 survivors (8192K)
 Metaspace       used 34588K, committed 35648K, reserved 1114112K
  class space    used 4862K, committed 5376K, reserved 1048576K
}
Event: 7.379 GC heap before
{Heap before GC invocations=7 (full 0):
 garbage-first heap   total 118784K, used 31651K [0x0000000600000000, 0x0000000800000000)
  region size 4096K, 3 young (12288K), 2 survivors (8192K)
 Metaspace       used 34955K, committed 35968K, reserved 1114112K
  class space    used 4924K, committed 5440K, reserved 1048576K
}
Event: 7.384 GC heap after
{Heap after GC invocations=8 (full 0):
 garbage-first heap   total 118784K, used 32934K [0x0000000600000000, 0x0000000800000000)
  region size 4096K, 1 young (4096K), 1 survivors (4096K)
 Metaspace       used 34955K, committed 35968K, reserved 1114112K
  class space    used 4924K, committed 5440K, reserved 1048576K
}
Event: 8.429 GC heap before
{Heap before GC invocations=9 (full 0):
 garbage-first heap   total 118784K, used 90278K [0x0000000600000000, 0x0000000800000000)
  region size 4096K, 15 young (61440K), 1 survivors (4096K)
 Metaspace       used 41425K, committed 43008K, reserved 1114112K
  class space    used 6034K, committed 6784K, reserved 1048576K
}
Event: 8.434 GC heap after
{Heap after GC invocations=10 (full 0):
 garbage-first heap   total 118784K, used 35961K [0x0000000600000000, 0x0000000800000000)
  region size 4096K, 2 young (8192K), 2 survivors (8192K)
 Metaspace       used 41425K, committed 43008K, reserved 1114112K
  class space    used 6034K, committed 6784K, reserved 1048576K
}
Event: 9.310 GC heap before
{Heap before GC invocations=10 (full 0):
 garbage-first heap   total 118784K, used 93305K [0x0000000600000000, 0x0000000800000000)
  region size 4096K, 16 young (65536K), 2 survivors (8192K)
 Metaspace       used 45126K, committed 46848K, reserved 1114112K
  class space    used 6682K, committed 7488K, reserved 1048576K
}
Event: 9.315 GC heap after
{Heap after GC invocations=11 (full 0):
 garbage-first heap   total 118784K, used 38890K [0x0000000600000000, 0x0000000800000000)
  region size 4096K, 2 young (8192K), 2 survivors (8192K)
 Metaspace       used 45126K, committed 46848K, reserved 1114112K
  class space    used 6682K, committed 7488K, reserved 1048576K
}
Event: 10.454 GC heap before
{Heap before GC invocations=11 (full 0):
 garbage-first heap   total 118784K, used 92138K [0x0000000600000000, 0x0000000800000000)
  region size 4096K, 16 young (65536K), 2 survivors (8192K)
 Metaspace       used 49151K, committed 50944K, reserved 1114112K
  class space    used 7274K, committed 8128K, reserved 1048576K
}
Event: 10.460 GC heap after
{Heap after GC invocations=12 (full 0):
 garbage-first heap   total 118784K, used 43483K [0x0000000600000000, 0x0000000800000000)
  region size 4096K, 2 young (8192K), 2 survivors (8192K)
 Metaspace       used 49151K, committed 50944K, reserved 1114112K
  class space    used 7274K, committed 8128K, reserved 1048576K
}
Event: 11.691 GC heap before
{Heap before GC invocations=12 (full 0):
 garbage-first heap   total 118784K, used 96731K [0x0000000600000000, 0x0000000800000000)
  region size 4096K, 15 young (61440K), 2 survivors (8192K)
 Metaspace       used 53717K, committed 55680K, reserved 1114112K
  class space    used 8004K, committed 8960K, reserved 1048576K
}
Event: 11.697 GC heap after
{Heap after GC invocations=13 (full 0):
 garbage-first heap   total 118784K, used 54520K [0x0000000600000000, 0x0000000800000000)
  region size 4096K, 2 young (8192K), 2 survivors (8192K)
 Metaspace       used 53717K, committed 55680K, reserved 1114112K
  class space    used 8004K, committed 8960K, reserved 1048576K
}
Event: 12.359 GC heap before
{Heap before GC invocations=13 (full 0):
 garbage-first heap   total 118784K, used 91384K [0x0000000600000000, 0x0000000800000000)
  region size 4096K, 12 young (49152K), 2 survivors (8192K)
 Metaspace       used 58161K, committed 60096K, reserved 1114112K
  class space    used 8589K, committed 9536K, reserved 1048576K
}
Event: 12.364 GC heap after
{Heap after GC invocations=14 (full 0):
 garbage-first heap   total 118784K, used 54873K [0x0000000600000000, 0x0000000800000000)
  region size 4096K, 1 young (4096K), 1 survivors (4096K)
 Metaspace       used 58161K, committed 60096K, reserved 1114112K
  class space    used 8589K, committed 9536K, reserved 1048576K
}
Event: 13.186 GC heap before
{Heap before GC invocations=15 (full 0):
 garbage-first heap   total 118784K, used 95833K [0x0000000600000000, 0x0000000800000000)
  region size 4096K, 11 young (45056K), 1 survivors (4096K)
 Metaspace       used 61593K, committed 63616K, reserved 1114112K
  class space    used 9085K, committed 10112K, reserved 1048576K
}
Event: 13.189 GC heap after
{Heap after GC invocations=16 (full 0):
 garbage-first heap   total 118784K, used 56909K [0x0000000600000000, 0x0000000800000000)
  region size 4096K, 1 young (4096K), 1 survivors (4096K)
 Metaspace       used 61593K, committed 63616K, reserved 1114112K
  class space    used 9085K, committed 10112K, reserved 1048576K
}
Event: 13.825 GC heap before
{Heap before GC invocations=16 (full 0):
 garbage-first heap   total 118784K, used 106061K [0x0000000600000000, 0x0000000800000000)
  region size 4096K, 12 young (49152K), 1 survivors (4096K)
 Metaspace       used 64462K, committed 66432K, reserved 1114112K
  class space    used 9492K, committed 10496K, reserved 1048576K
}
Event: 13.832 GC heap after
{Heap after GC invocations=17 (full 0):
 garbage-first heap   total 118784K, used 62111K [0x0000000600000000, 0x0000000800000000)
  region size 4096K, 2 young (8192K), 2 survivors (8192K)
 Metaspace       used 64462K, committed 66432K, reserved 1114112K
  class space    used 9492K, committed 10496K, reserved 1048576K
}

Dll operation events (14 events):
Event: 0.020 Loaded shared library C:\Users\ashab\.vscode\extensions\redhat.java-1.54.0-win32-x64\jre\21.0.10-win32-x86_64\bin\java.dll
Event: 0.953 Loaded shared library C:\Users\ashab\.vscode\extensions\redhat.java-1.54.0-win32-x64\jre\21.0.10-win32-x86_64\bin\zip.dll
Event: 0.969 Loaded shared library C:\Users\ashab\.vscode\extensions\redhat.java-1.54.0-win32-x64\jre\21.0.10-win32-x86_64\bin\instrument.dll
Event: 0.973 Loaded shared library C:\Users\ashab\.vscode\extensions\redhat.java-1.54.0-win32-x64\jre\21.0.10-win32-x86_64\bin\net.dll
Event: 0.975 Loaded shared library C:\Users\ashab\.vscode\extensions\redhat.java-1.54.0-win32-x64\jre\21.0.10-win32-x86_64\bin\nio.dll
Event: 0.977 Loaded shared library C:\Users\ashab\.vscode\extensions\redhat.java-1.54.0-win32-x64\jre\21.0.10-win32-x86_64\bin\zip.dll
Event: 1.229 Loaded shared library C:\Users\ashab\.vscode\extensions\redhat.java-1.54.0-win32-x64\jre\21.0.10-win32-x86_64\bin\jimage.dll
Event: 1.418 Loaded shared library C:\Users\ashab\.vscode\extensions\redhat.java-1.54.0-win32-x64\jre\21.0.10-win32-x86_64\bin\verify.dll
Event: 1.529 Loaded shared library C:\Users\ashab\.gradle\native\1def1411415f61bf3af743bc5b6707747c0891f09f0c88961ee8f79bc544acac\windows-amd64\native-platform.dll
Event: 1.546 Loaded shared library C:\Users\ashab\.gradle\native\0.2.7\x86_64-windows-gnu\gradle-fileevents.dll
Event: 2.838 Loaded shared library C:\Users\ashab\.vscode\extensions\redhat.java-1.54.0-win32-x64\jre\21.0.10-win32-x86_64\bin\management.dll
Event: 2.844 Loaded shared library C:\Users\ashab\.vscode\extensions\redhat.java-1.54.0-win32-x64\jre\21.0.10-win32-x86_64\bin\management_ext.dll
Event: 2.980 Loaded shared library C:\Users\ashab\.vscode\extensions\redhat.java-1.54.0-win32-x64\jre\21.0.10-win32-x86_64\bin\extnet.dll
Event: 3.317 Loaded shared library C:\Users\ashab\.vscode\extensions\redhat.java-1.54.0-win32-x64\jre\21.0.10-win32-x86_64\bin\sunmscapi.dll

Deoptimization events (20 events):
Event: 12.987 Thread 0x000001bd9816b360 Uncommon trap: trap_request=0xffffffde fr.pc=0x000001bd35043fc0 relative=0x00000000000004c0
Event: 12.987 Thread 0x000001bd9816b360 Uncommon trap: reason=class_check action=maybe_recompile pc=0x000001bd35043fc0 method=kotlin.reflect.jvm.internal.impl.protobuf.CodedInputStream.tryRefillBuffer(I)Z @ 175 c2
Event: 12.987 Thread 0x000001bd9816b360 DEOPT PACKING pc=0x000001bd35043fc0 sp=0x0000000cb0bf10e0
Event: 12.987 Thread 0x000001bd9816b360 DEOPT UNPACKING pc=0x000001bd34914422 sp=0x0000000cb0bf0fc8 mode 2
Event: 13.052 Thread 0x000001bd9816b360 DEOPT PACKING pc=0x000001bd2505a1c9 sp=0x0000000cb0bf1dc0
Event: 13.052 Thread 0x000001bd9816b360 DEOPT UNPACKING pc=0x000001bd34914bc2 sp=0x0000000cb0bf12c0 mode 0
Event: 13.331 Thread 0x000001bd9816b360 Uncommon trap: trap_request=0xffffff45 fr.pc=0x000001bd3515cdb4 relative=0x0000000000000bb4
Event: 13.331 Thread 0x000001bd9816b360 Uncommon trap: reason=unstable_if action=reinterpret pc=0x000001bd3515cdb4 method=java.util.regex.Pattern.escape(ZZZ)I @ 8 c2
Event: 13.331 Thread 0x000001bd9816b360 DEOPT PACKING pc=0x000001bd3515cdb4 sp=0x0000000cb0bf1530
Event: 13.331 Thread 0x000001bd9816b360 DEOPT UNPACKING pc=0x000001bd34914422 sp=0x0000000cb0bf14c8 mode 2
Event: 13.369 Thread 0x000001bd9816b360 DEOPT PACKING pc=0x000001bd24e4245d sp=0x0000000cb0beefa0
Event: 13.369 Thread 0x000001bd9816b360 DEOPT UNPACKING pc=0x000001bd34914bc2 sp=0x0000000cb0bee510 mode 0
Event: 13.559 Thread 0x000001bd9816b360 Uncommon trap: trap_request=0xffffffde fr.pc=0x000001bd351b1f94 relative=0x00000000000000f4
Event: 13.559 Thread 0x000001bd9816b360 Uncommon trap: reason=class_check action=maybe_recompile pc=0x000001bd351b1f94 method=org.gradle.util.internal.GUtil.isTrue(Ljava/lang/Object;)Z @ 32 c2
Event: 13.559 Thread 0x000001bd9816b360 DEOPT PACKING pc=0x000001bd351b1f94 sp=0x0000000cb0bf1b50
Event: 13.559 Thread 0x000001bd9816b360 DEOPT UNPACKING pc=0x000001bd34914422 sp=0x0000000cb0bf1af0 mode 2
Event: 13.605 Thread 0x000001bd9816b360 Uncommon trap: trap_request=0xffffffcc fr.pc=0x000001bd3500bf94 relative=0x00000000000016b4
Event: 13.605 Thread 0x000001bd9816b360 Uncommon trap: reason=intrinsic_or_type_checked_inlining action=make_not_entrant pc=0x000001bd3500bf94 method=java.util.ArrayList$SubList.toArray([Ljava/lang/Object;)[Ljava/lang/Object; @ 58 c2
Event: 13.605 Thread 0x000001bd9816b360 DEOPT PACKING pc=0x000001bd3500bf94 sp=0x0000000cb0bf24b0
Event: 13.605 Thread 0x000001bd9816b360 DEOPT UNPACKING pc=0x000001bd34914422 sp=0x0000000cb0bf23e8 mode 2

Classes loaded (20 events):
Event: 12.549 Loading class com/sun/jmx/mbeanserver/StandardMBeanIntrospector
Event: 12.549 Loading class com/sun/jmx/mbeanserver/StandardMBeanIntrospector done
Event: 13.296 Loading class java/util/concurrent/LinkedBlockingDeque$Itr
Event: 13.296 Loading class java/util/concurrent/LinkedBlockingDeque$AbstractItr
Event: 13.296 Loading class java/util/concurrent/LinkedBlockingDeque$AbstractItr done
Event: 13.296 Loading class java/util/concurrent/LinkedBlockingDeque$Itr done
Event: 13.573 Loading class java/lang/foreign/MemorySegment
Event: 13.574 Loading class java/lang/foreign/MemorySegment done
Event: 13.681 Loading class java/lang/ThreadDeath
Event: 13.681 Loading class java/lang/ThreadDeath done
Event: 13.681 Loading class sun/misc/SharedSecrets
Event: 13.681 Loading class sun/misc/SharedSecrets done
Event: 13.686 Loading class com/sun/beans/finder/MethodFinder
Event: 13.687 Loading class com/sun/beans/finder/AbstractFinder
Event: 13.687 Loading class com/sun/beans/finder/AbstractFinder done
Event: 13.687 Loading class com/sun/beans/finder/MethodFinder done
Event: 13.687 Loading class com/sun/beans/finder/MethodFinder$1
Event: 13.687 Loading class com/sun/beans/finder/MethodFinder$1 done
Event: 13.687 Loading class com/sun/beans/finder/FinderUtils
Event: 13.687 Loading class com/sun/beans/finder/FinderUtils done

Classes unloaded (0 events):
No events

Classes redefined (0 events):
No events

Internal exceptions (20 events):
Event: 12.668 Thread 0x000001bd9816b360 Implicit null exception at 0x000001bd3517f95d to 0x000001bd3517fe08
Event: 12.668 Thread 0x000001bd9816b360 Implicit null exception at 0x000001bd351805bf to 0x000001bd35180a70
Event: 13.573 Thread 0x000001bd9816b360 Exception <a 'java/lang/NoSuchMethodError'{0x00000006051c2278}: static Lorg/jetbrains/kotlin/gradle/plugin/internal/DefaultIdeaSyncDetector$createIdeaPropertiesEvaluator$1;.<clinit>()V> (0x00000006051c2278) 
thrown [s\src\hotspot\share\prims\jni.cpp, line 1111]
Event: 13.681 Thread 0x000001bd9816b360 Exception <a 'java/lang/ClassNotFoundException'{0x0000000604877238}: sun/misc/SharedSecrets> (0x0000000604877238) 
thrown [s\src\hotspot\share\classfile\systemDictionary.cpp, line 312]
Event: 13.681 Thread 0x000001bd9816b360 Exception <a 'java/lang/ClassNotFoundException'{0x0000000604879598}: groovy/lang/Closure$1BeanInfo> (0x0000000604879598) 
thrown [s\src\hotspot\share\classfile\systemDictionary.cpp, line 312]
Event: 13.682 Thread 0x000001bd9816b360 Exception <a 'java/lang/ClassNotFoundException'{0x00000006048987c8}: groovy/lang/ClosureBeanInfo> (0x00000006048987c8) 
thrown [s\src\hotspot\share\classfile\systemDictionary.cpp, line 312]
Event: 13.682 Thread 0x000001bd9816b360 Exception <a 'java/lang/ClassNotFoundException'{0x00000006048b7c70}: groovy/lang/ClosureCustomizer> (0x00000006048b7c70) 
thrown [s\src\hotspot\share\classfile\systemDictionary.cpp, line 312]
Event: 13.686 Thread 0x000001bd9816b360 Exception <a 'java/lang/ClassNotFoundException'{0x00000006048fc960}: groovy/lang/Closure$1Customizer> (0x00000006048fc960) 
thrown [s\src\hotspot\share\classfile\systemDictionary.cpp, line 312]
Event: 13.696 Thread 0x000001bd9816b360 Exception <a 'java/lang/ClassNotFoundException'{0x0000000604984208}: org/jetbrains/kotlin/gradle/targets/js/npm/DefaultNpmDependencyExtensionBeanInfo> (0x0000000604984208) 
thrown [s\src\hotspot\share\classfile\systemDictionary.cpp, line 312]
Event: 13.696 Thread 0x000001bd9816b360 Exception <a 'java/lang/ClassNotFoundException'{0x00000006049932c8}: org/jetbrains/kotlin/gradle/targets/js/npm/DefaultNpmDependencyExtensionCustomizer> (0x00000006049932c8) 
thrown [s\src\hotspot\share\classfile\systemDictionary.cpp, line 312]
Event: 13.704 Thread 0x000001bd9816b360 Exception <a 'java/lang/ClassNotFoundException'{0x0000000604a3d808}: org/jetbrains/kotlin/gradle/targets/js/npm/NpmDependencyExtensionKt$defaultNpmDependencyDelegate$1BeanInfo> (0x0000000604a3d808) 
thrown [s\src\hotspot\share\classfile\systemDictionary.cpp, line 312]
Event: 13.705 Thread 0x000001bd9816b360 Exception <a 'java/lang/ClassNotFoundException'{0x0000000604a4d928}: org/jetbrains/kotlin/gradle/targets/js/npm/NpmDependencyExtensionDelegateBeanInfo> (0x0000000604a4d928) 
thrown [s\src\hotspot\share\classfile\systemDictionary.cpp, line 312]
Event: 13.705 Thread 0x000001bd9816b360 Exception <a 'java/lang/ClassNotFoundException'{0x0000000604a5da18}: org/jetbrains/kotlin/gradle/targets/js/npm/NpmDependencyExtensionDelegateCustomizer> (0x0000000604a5da18) 
thrown [s\src\hotspot\share\classfile\systemDictionary.cpp, line 312]
Event: 13.707 Thread 0x000001bd9816b360 Exception <a 'java/lang/ClassNotFoundException'{0x0000000604a9c9d8}: org/jetbrains/kotlin/gradle/targets/js/npm/NpmDependencyExtensionKt$defaultNpmDependencyDelegate$1Customizer> (0x0000000604a9c9d8) 
thrown [s\src\hotspot\share\classfile\systemDictionary.cpp, line 312]
Event: 13.710 Thread 0x000001bd9816b360 Exception <a 'java/lang/ClassNotFoundException'{0x0000000604aea768}: org/jetbrains/kotlin/gradle/targets/js/npm/DefaultDevNpmDependencyExtensionBeanInfo> (0x0000000604aea768) 
thrown [s\src\hotspot\share\classfile\systemDictionary.cpp, line 312]
Event: 13.711 Thread 0x000001bd9816b360 Exception <a 'java/lang/ClassNotFoundException'{0x0000000604af9b38}: org/jetbrains/kotlin/gradle/targets/js/npm/DefaultDevNpmDependencyExtensionCustomizer> (0x0000000604af9b38) 
thrown [s\src\hotspot\share\classfile\systemDictionary.cpp, line 312]
Event: 13.715 Thread 0x000001bd9816b360 Exception <a 'java/lang/ClassNotFoundException'{0x0000000604b52528}: org/jetbrains/kotlin/gradle/targets/js/npm/DefaultPeerNpmDependencyExtensionBeanInfo> (0x0000000604b52528) 
thrown [s\src\hotspot\share\classfile\systemDictionary.cpp, line 312]
Event: 13.715 Thread 0x000001bd9816b360 Exception <a 'java/lang/ClassNotFoundException'{0x0000000604b61608}: org/jetbrains/kotlin/gradle/targets/js/npm/DefaultPeerNpmDependencyExtensionCustomizer> (0x0000000604b61608) 
thrown [s\src\hotspot\share\classfile\systemDictionary.cpp, line 312]
Event: 13.718 Thread 0x000001bd9816b360 Exception <a 'java/lang/ClassNotFoundException'{0x0000000604bc7078}: org/jetbrains/kotlin/gradle/targets/js/npm/DefaultPeerNpmDependencyExtension$delegate$1BeanInfo> (0x0000000604bc7078) 
thrown [s\src\hotspot\share\classfile\systemDictionary.cpp, line 312]
Event: 13.718 Thread 0x000001bd9816b360 Exception <a 'java/lang/ClassNotFoundException'{0x0000000604bd6fb8}: org/jetbrains/kotlin/gradle/targets/js/npm/DefaultPeerNpmDependencyExtension$delegate$1Customizer> (0x0000000604bd6fb8) 
thrown [s\src\hotspot\share\classfile\systemDictionary.cpp, line 312]

ZGC Phase Switch (0 events):
No events

VM Operations (20 events):
Event: 11.457 Executing safepoint VM operation: ICBufferFull
Event: 11.457 Executing safepoint VM operation: ICBufferFull done
Event: 11.691 Executing safepoint VM operation: G1CollectForAllocation (G1 Evacuation Pause)
Event: 11.697 Executing safepoint VM operation: G1CollectForAllocation (G1 Evacuation Pause) done
Event: 12.126 Executing non-safepoint VM operation: HandshakeAllThreads (Deoptimize)
Event: 12.127 Executing non-safepoint VM operation: HandshakeAllThreads (Deoptimize) done
Event: 12.359 Executing safepoint VM operation: CollectForMetadataAllocation (Metadata GC Threshold)
Event: 12.364 Executing safepoint VM operation: CollectForMetadataAllocation (Metadata GC Threshold) done
Event: 12.392 Executing safepoint VM operation: G1PauseRemark
Event: 12.396 Executing safepoint VM operation: G1PauseRemark done
Event: 12.407 Executing safepoint VM operation: G1PauseCleanup
Event: 12.407 Executing safepoint VM operation: G1PauseCleanup done
Event: 13.185 Executing safepoint VM operation: G1CollectForAllocation (G1 Evacuation Pause)
Event: 13.189 Executing safepoint VM operation: G1CollectForAllocation (G1 Evacuation Pause) done
Event: 13.309 Executing non-safepoint VM operation: HandshakeAllThreads (Deoptimize)
Event: 13.309 Executing non-safepoint VM operation: HandshakeAllThreads (Deoptimize) done
Event: 13.825 Executing safepoint VM operation: G1CollectForAllocation (G1 Evacuation Pause)
Event: 13.832 Executing safepoint VM operation: G1CollectForAllocation (G1 Evacuation Pause) done
Event: 14.839 Executing safepoint VM operation: Cleanup
Event: 14.839 Executing safepoint VM operation: Cleanup done

Memory protections (0 events):
No events

Nmethod flushes (20 events):
Event: 12.395 Thread 0x000001bd4f4c8190 flushing  nmethod 0x000001bd24c6f410
Event: 12.395 Thread 0x000001bd4f4c8190 flushing  nmethod 0x000001bd24c70190
Event: 12.395 Thread 0x000001bd4f4c8190 flushing  nmethod 0x000001bd24d37b90
Event: 12.395 Thread 0x000001bd4f4c8190 flushing  nmethod 0x000001bd24d38610
Event: 12.395 Thread 0x000001bd4f4c8190 flushing  nmethod 0x000001bd24d3f890
Event: 12.395 Thread 0x000001bd4f4c8190 flushing  nmethod 0x000001bd24dc2390
Event: 12.395 Thread 0x000001bd4f4c8190 flushing  nmethod 0x000001bd24e0a690
Event: 12.395 Thread 0x000001bd4f4c8190 flushing  nmethod 0x000001bd24eed510
Event: 12.395 Thread 0x000001bd4f4c8190 flushing  nmethod 0x000001bd24eee510
Event: 12.395 Thread 0x000001bd4f4c8190 flushing  nmethod 0x000001bd24f3b110
Event: 12.395 Thread 0x000001bd4f4c8190 flushing  nmethod 0x000001bd24f3cb90
Event: 12.395 Thread 0x000001bd4f4c8190 flushing  nmethod 0x000001bd24f3dd10
Event: 12.395 Thread 0x000001bd4f4c8190 flushing  nmethod 0x000001bd24f3fd90
Event: 12.395 Thread 0x000001bd4f4c8190 flushing  nmethod 0x000001bd24f41510
Event: 12.395 Thread 0x000001bd4f4c8190 flushing  nmethod 0x000001bd24f42710
Event: 12.395 Thread 0x000001bd4f4c8190 flushing  nmethod 0x000001bd24f8a010
Event: 12.395 Thread 0x000001bd4f4c8190 flushing  nmethod 0x000001bd250ffc90
Event: 12.395 Thread 0x000001bd4f4c8190 flushing  nmethod 0x000001bd2520d590
Event: 12.395 Thread 0x000001bd4f4c8190 flushing  nmethod 0x000001bd25280910
Event: 12.395 Thread 0x000001bd4f4c8190 flushing  nmethod 0x000001bd25397b90

Events (20 events):
Event: 10.082 Thread 0x000001bd9816b360 Thread added: 0x000001bd9d1204d0
Event: 10.085 Thread 0x000001bd9816b360 Thread added: 0x000001bd9d11dd70
Event: 10.087 Thread 0x000001bd9816b360 Thread added: 0x000001bd9d11e400
Event: 10.181 Thread 0x000001bd9816b360 Thread added: 0x000001bd9d11fe40
Event: 10.182 Thread 0x000001bd9816b360 Thread added: 0x000001bd9d121880
Event: 10.184 Thread 0x000001bd9816b360 Thread added: 0x000001bd9d121f10
Event: 10.185 Thread 0x000001bd9816b360 Thread added: 0x000001bd9d11ea90
Event: 10.186 Thread 0x000001bd9816b360 Thread added: 0x000001bd9d1225a0
Event: 10.187 Thread 0x000001bd9816b360 Thread added: 0x000001bd9d11f120
Event: 10.188 Thread 0x000001bd9816b360 Thread added: 0x000001bd9d124670
Event: 10.189 Thread 0x000001bd9816b360 Thread added: 0x000001bd9d1232c0
Event: 10.190 Thread 0x000001bd9816b360 Thread added: 0x000001bd9d123950
Event: 10.191 Thread 0x000001bd9816b360 Thread added: 0x000001bd9d125390
Event: 10.192 Thread 0x000001bd9816b360 Thread added: 0x000001bd9d122c30
Event: 10.940 Thread 0x000001bd9816b360 Thread added: 0x000001bd9d124d00
Event: 11.911 Thread 0x000001bd972f14d0 Thread exited: 0x000001bd972f14d0
Event: 12.478 Thread 0x000001bd4f5086a0 Thread added: 0x000001bd972f0730
Event: 12.593 Thread 0x000001bd9816b360 Thread added: 0x000001bd9a4db460
Event: 13.202 Thread 0x000001bd972f0730 Thread exited: 0x000001bd972f0730
Event: 13.472 Thread 0x000001bd4f5062a0 Thread added: 0x000001bd972ef990


Dynamic libraries:
0x00007ff6bd2a0000 - 0x00007ff6bd2ae000 	C:\Users\ashab\.vscode\extensions\redhat.java-1.54.0-win32-x64\jre\21.0.10-win32-x86_64\bin\java.exe
0x00007ffdb3480000 - 0x00007ffdb36e7000 	C:\WINDOWS\SYSTEM32\ntdll.dll
0x00007ffdb2500000 - 0x00007ffdb25c9000 	C:\WINDOWS\System32\KERNEL32.DLL
0x00007ffdb08a0000 - 0x00007ffdb0c94000 	C:\WINDOWS\System32\KERNELBASE.dll
0x00007ffdb0e60000 - 0x00007ffdb0fab000 	C:\WINDOWS\System32\ucrtbase.dll
0x00007ffd87110000 - 0x00007ffd87128000 	C:\Users\ashab\.vscode\extensions\redhat.java-1.54.0-win32-x64\jre\21.0.10-win32-x86_64\bin\jli.dll
0x00007ffd86fa0000 - 0x00007ffd86fbe000 	C:\Users\ashab\.vscode\extensions\redhat.java-1.54.0-win32-x64\jre\21.0.10-win32-x86_64\bin\VCRUNTIME140.dll
0x00007ffdb2200000 - 0x00007ffdb23c5000 	C:\WINDOWS\System32\USER32.dll
0x00007ffd9de80000 - 0x00007ffd9e113000 	C:\WINDOWS\WinSxS\amd64_microsoft.windows.common-controls_6595b64144ccf1df_6.0.26100.8115_none_3e075c82e3354f9c\COMCTL32.dll
0x00007ffdb0fb0000 - 0x00007ffdb0fd7000 	C:\WINDOWS\System32\win32u.dll
0x00007ffdb2b10000 - 0x00007ffdb2bb9000 	C:\WINDOWS\System32\msvcrt.dll
0x00007ffdb25e0000 - 0x00007ffdb260b000 	C:\WINDOWS\System32\GDI32.dll
0x00007ffdb0d30000 - 0x00007ffdb0e5b000 	C:\WINDOWS\System32\gdi32full.dll
0x00007ffdb07f0000 - 0x00007ffdb0893000 	C:\WINDOWS\System32\msvcp_win.dll
0x00007ffdb2a50000 - 0x00007ffdb2a82000 	C:\WINDOWS\System32\IMM32.DLL
0x00007ffda3f20000 - 0x00007ffda3f2c000 	C:\Users\ashab\.vscode\extensions\redhat.java-1.54.0-win32-x64\jre\21.0.10-win32-x86_64\bin\vcruntime140_1.dll
0x00007ffd00030000 - 0x00007ffd000bd000 	C:\Users\ashab\.vscode\extensions\redhat.java-1.54.0-win32-x64\jre\21.0.10-win32-x86_64\bin\msvcp140.dll
0x00007ffcd57a0000 - 0x00007ffcd6541000 	C:\Users\ashab\.vscode\extensions\redhat.java-1.54.0-win32-x64\jre\21.0.10-win32-x86_64\bin\server\jvm.dll
0x00007ffdb20b0000 - 0x00007ffdb2166000 	C:\WINDOWS\System32\ADVAPI32.dll
0x00007ffdb1fa0000 - 0x00007ffdb2047000 	C:\WINDOWS\System32\sechost.dll
0x00007ffdb1500000 - 0x00007ffdb1618000 	C:\WINDOWS\System32\RPCRT4.dll
0x00007ffdb33a0000 - 0x00007ffdb3420000 	C:\WINDOWS\System32\WS2_32.dll
0x00007ffdafbb0000 - 0x00007ffdafc0e000 	C:\WINDOWS\SYSTEM32\POWRPROF.dll
0x00007ffda92f0000 - 0x00007ffda92fb000 	C:\WINDOWS\SYSTEM32\VERSION.dll
0x00007ffdadcb0000 - 0x00007ffdadce6000 	C:\WINDOWS\SYSTEM32\WINMM.dll
0x00007ffdafb90000 - 0x00007ffdafba4000 	C:\WINDOWS\SYSTEM32\UMPDC.dll
0x00007ffdaea40000 - 0x00007ffdaea5b000 	C:\WINDOWS\SYSTEM32\kernel.appcore.dll
0x00007ffd8d150000 - 0x00007ffd8d15a000 	C:\Users\ashab\.vscode\extensions\redhat.java-1.54.0-win32-x64\jre\21.0.10-win32-x86_64\bin\jimage.dll
0x00007ffdad9f0000 - 0x00007ffdadc32000 	C:\WINDOWS\SYSTEM32\DBGHELP.DLL
0x00007ffdb1620000 - 0x00007ffdb19a2000 	C:\WINDOWS\System32\combase.dll
0x00007ffdb2610000 - 0x00007ffdb26e8000 	C:\WINDOWS\System32\OLEAUT32.dll
0x00007ffdadc40000 - 0x00007ffdadc7b000 	C:\WINDOWS\SYSTEM32\dbgcore.DLL
0x00007ffdafed0000 - 0x00007ffdaff75000 	C:\WINDOWS\System32\bcryptPrimitives.dll
0x00007ffd87ff0000 - 0x00007ffd87fff000 	C:\Users\ashab\.vscode\extensions\redhat.java-1.54.0-win32-x64\jre\21.0.10-win32-x86_64\bin\instrument.dll
0x00007ffd7e700000 - 0x00007ffd7e720000 	C:\Users\ashab\.vscode\extensions\redhat.java-1.54.0-win32-x64\jre\21.0.10-win32-x86_64\bin\java.dll
0x00007ffdb2c30000 - 0x00007ffdb3397000 	C:\WINDOWS\System32\SHELL32.dll
0x00007ffdb10a0000 - 0x00007ffdb120a000 	C:\WINDOWS\System32\wintypes.dll
0x00007ffdaff80000 - 0x00007ffdb07e8000 	C:\WINDOWS\System32\windows.storage.dll
0x00007ffdb2400000 - 0x00007ffdb24f8000 	C:\WINDOWS\System32\SHCORE.dll
0x00007ffdb1210000 - 0x00007ffdb1276000 	C:\WINDOWS\System32\shlwapi.dll
0x00007ffdafc70000 - 0x00007ffdafc99000 	C:\WINDOWS\SYSTEM32\profapi.dll
0x00007ffd64d70000 - 0x00007ffd64d88000 	C:\Users\ashab\.vscode\extensions\redhat.java-1.54.0-win32-x64\jre\21.0.10-win32-x86_64\bin\zip.dll
0x00007ffd8ced0000 - 0x00007ffd8cee0000 	C:\Users\ashab\.vscode\extensions\redhat.java-1.54.0-win32-x64\jre\21.0.10-win32-x86_64\bin\net.dll
0x00007ffda8810000 - 0x00007ffda893d000 	C:\WINDOWS\SYSTEM32\WINHTTP.dll
0x00007ffdaf050000 - 0x00007ffdaf0bc000 	C:\WINDOWS\system32\mswsock.dll
0x00007ffd5cc90000 - 0x00007ffd5cca6000 	C:\Users\ashab\.vscode\extensions\redhat.java-1.54.0-win32-x64\jre\21.0.10-win32-x86_64\bin\nio.dll
0x00007ffd7f030000 - 0x00007ffd7f040000 	C:\Users\ashab\.vscode\extensions\redhat.java-1.54.0-win32-x64\jre\21.0.10-win32-x86_64\bin\verify.dll
0x00007ffd343c0000 - 0x00007ffd343e7000 	C:\Users\ashab\.gradle\native\1def1411415f61bf3af743bc5b6707747c0891f09f0c88961ee8f79bc544acac\windows-amd64\native-platform.dll
0x00007ffcff7e0000 - 0x00007ffcff858000 	C:\Users\ashab\.gradle\native\0.2.7\x86_64-windows-gnu\gradle-fileevents.dll
0x00007ffd98360000 - 0x00007ffd9836a000 	C:\Users\ashab\.vscode\extensions\redhat.java-1.54.0-win32-x64\jre\21.0.10-win32-x86_64\bin\management.dll
0x00007ffd98350000 - 0x00007ffd9835c000 	C:\Users\ashab\.vscode\extensions\redhat.java-1.54.0-win32-x64\jre\21.0.10-win32-x86_64\bin\management_ext.dll
0x00007ffdb2bc0000 - 0x00007ffdb2bc8000 	C:\WINDOWS\System32\PSAPI.DLL
0x00007ffdae490000 - 0x00007ffdae4c2000 	C:\WINDOWS\SYSTEM32\IPHLPAPI.DLL
0x00007ffdb25d0000 - 0x00007ffdb25da000 	C:\WINDOWS\System32\NSI.dll
0x00007ffd7ee80000 - 0x00007ffd7ee89000 	C:\Users\ashab\.vscode\extensions\redhat.java-1.54.0-win32-x64\jre\21.0.10-win32-x86_64\bin\extnet.dll
0x00007ffdaf340000 - 0x00007ffdaf35b000 	C:\WINDOWS\SYSTEM32\CRYPTSP.dll
0x00007ffdaea60000 - 0x00007ffdaea99000 	C:\WINDOWS\system32\rsaenh.dll
0x00007ffdaf100000 - 0x00007ffdaf133000 	C:\WINDOWS\SYSTEM32\USERENV.dll
0x00007ffdafc40000 - 0x00007ffdafc6a000 	C:\WINDOWS\SYSTEM32\bcrypt.dll
0x00007ffdaf330000 - 0x00007ffdaf33c000 	C:\WINDOWS\SYSTEM32\CRYPTBASE.dll
0x00007ffd7ef30000 - 0x00007ffd7ef3e000 	C:\Users\ashab\.vscode\extensions\redhat.java-1.54.0-win32-x64\jre\21.0.10-win32-x86_64\bin\sunmscapi.dll
0x00007ffdafd50000 - 0x00007ffdafec7000 	C:\WINDOWS\System32\CRYPT32.dll
0x00007ffdaf550000 - 0x00007ffdaf580000 	C:\WINDOWS\SYSTEM32\ncrypt.dll
0x00007ffdaf500000 - 0x00007ffdaf53f000 	C:\WINDOWS\SYSTEM32\NTASN1.dll
0x00007ffd63230000 - 0x00007ffd63238000 	C:\WINDOWS\system32\wshunix.dll

JVMTI agents:
C:\Users\ashab\.gradle\wrapper\dists\gradle-8.14-all\c2qonpi39x1mddn7hk5gh9iqj\gradle-8.14\lib\agents\gradle-instrumentation-agent-8.14.jar path:C:\Users\ashab\.vscode\extensions\redhat.java-1.54.0-win32-x64\jre\21.0.10-win32-x86_64\bin\instrument.dll, loaded, initialized, instrumentlib options:none

dbghelp: loaded successfully - version: 4.0.5 - missing functions: none
symbol engine: initialized successfully - sym options: 0x614 - pdb path: .;C:\Users\ashab\.vscode\extensions\redhat.java-1.54.0-win32-x64\jre\21.0.10-win32-x86_64\bin;C:\WINDOWS\SYSTEM32;C:\WINDOWS\WinSxS\amd64_microsoft.windows.common-controls_6595b64144ccf1df_6.0.26100.8115_none_3e075c82e3354f9c;C:\Users\ashab\.vscode\extensions\redhat.java-1.54.0-win32-x64\jre\21.0.10-win32-x86_64\bin\server;C:\Users\ashab\.gradle\native\1def1411415f61bf3af743bc5b6707747c0891f09f0c88961ee8f79bc544acac\windows-amd64;C:\Users\ashab\.gradle\native\0.2.7\x86_64-windows-gnu

VM Arguments:
jvm_args: --add-opens=java.base/java.lang=ALL-UNNAMED --add-opens=java.base/java.lang.invoke=ALL-UNNAMED --add-opens=java.base/java.util=ALL-UNNAMED --add-opens=java.prefs/java.util.prefs=ALL-UNNAMED --add-exports=jdk.compiler/com.sun.tools.javac.api=ALL-UNNAMED --add-exports=jdk.compiler/com.sun.tools.javac.util=ALL-UNNAMED --add-opens=java.base/java.util=ALL-UNNAMED --add-opens=java.prefs/java.util.prefs=ALL-UNNAMED --add-opens=java.base/java.nio.charset=ALL-UNNAMED --add-opens=java.base/java.net=ALL-UNNAMED --add-opens=java.base/java.util.concurrent.atomic=ALL-UNNAMED --add-opens=java.xml/javax.xml.namespace=ALL-UNNAMED -XX:MaxMetaspaceSize=4G -XX:ReservedCodeCacheSize=512m -XX:+HeapDumpOnOutOfMemoryError -Xmx8G -Dfile.encoding=UTF-8 -Duser.country=US -Duser.language=en -Duser.variant -javaagent:C:\Users\ashab\.gradle\wrapper\dists\gradle-8.14-all\c2qonpi39x1mddn7hk5gh9iqj\gradle-8.14\lib\agents\gradle-instrumentation-agent-8.14.jar 
java_command: org.gradle.launcher.daemon.bootstrap.GradleDaemon 8.14
java_class_path (initial): C:\Users\ashab\.gradle\wrapper\dists\gradle-8.14-all\c2qonpi39x1mddn7hk5gh9iqj\gradle-8.14\lib\gradle-daemon-main-8.14.jar
Launcher Type: SUN_STANDARD

[Global flags]
     intx CICompilerCount                          = 4                                         {product} {ergonomic}
     uint ConcGCThreads                            = 3                                         {product} {ergonomic}
     uint G1ConcRefinementThreads                  = 10                                        {product} {ergonomic}
   size_t G1HeapRegionSize                         = 4194304                                   {product} {ergonomic}
    uintx GCDrainStackTargetSize                   = 64                                        {product} {ergonomic}
     bool HeapDumpOnOutOfMemoryError               = true                                   {manageable} {command line}
   size_t InitialHeapSize                          = 234881024                                 {product} {ergonomic}
   size_t MarkStackSize                            = 4194304                                   {product} {ergonomic}
   size_t MaxHeapSize                              = 8589934592                                {product} {command line}
   size_t MaxMetaspaceSize                         = 4294967296                                {product} {command line}
   size_t MaxNewSize                               = 5150605312                                {product} {ergonomic}
   size_t MinHeapDeltaBytes                        = 4194304                                   {product} {ergonomic}
   size_t MinHeapSize                              = 8388608                                   {product} {ergonomic}
    uintx NonNMethodCodeHeapSize                   = 5839372                                {pd product} {ergonomic}
    uintx NonProfiledCodeHeapSize                  = 265515770                              {pd product} {ergonomic}
    uintx ProfiledCodeHeapSize                     = 265515770                              {pd product} {ergonomic}
    uintx ReservedCodeCacheSize                    = 536870912                              {pd product} {command line}
     bool SegmentedCodeCache                       = true                                      {product} {ergonomic}
   size_t SoftMaxHeapSize                          = 8589934592                             {manageable} {ergonomic}
     bool UseCompressedOops                        = true                           {product lp64_product} {ergonomic}
     bool UseG1GC                                  = true                                      {product} {ergonomic}
     bool UseLargePagesIndividualAllocation        = false                                  {pd product} {ergonomic}

Logging:
Log output configuration:
 #0: stdout all=warning uptime,level,tags foldmultilines=false
 #1: stderr all=off uptime,level,tags foldmultilines=false

Release file:
JAVA_VERSION="21.0.10" 
MODULES="java.base java.compiler java.datatransfer java.xml java.prefs java.desktop java.instrument java.logging java.management java.security.sasl java.naming java.rmi java.management.rmi java.net.http java.scripting java.security.jgss java.transaction.xa java.sql java.sql.rowset java.xml.crypto java.se java.smartcardio jdk.accessibility jdk.internal.jvmstat jdk.attach jdk.charsets jdk.internal.opt jdk.zipfs jdk.compiler jdk.crypto.ec jdk.crypto.cryptoki jdk.crypto.mscapi jdk.dynalink jdk.internal.ed jdk.editpad jdk.hotspot.agent jdk.httpserver jdk.internal.le jdk.internal.vm.ci jdk.internal.vm.compiler jdk.internal.vm.compiler.management jdk.jartool jdk.javadoc jdk.jcmd jdk.management jdk.management.agent jdk.jconsole jdk.jdeps jdk.jdwp.agent jdk.jdi jdk.jfr jdk.jshell jdk.jsobject jdk.jstatd jdk.localedata jdk.management.jfr jdk.naming.dns jdk.naming.rmi jdk.net jdk.nio.mapmode jdk.random jdk.sctp jdk.security.auth jdk.security.jgss jdk.unsupported jdk.unsupported.desktop jdk.xml.dom" 

Environment Variables:
JAVA_HOME=F:\Android Studio\jbr
PATH=C:\Users\ashab\AppData\Local\Programs\Microsoft VS Code;F:\Softwares\flutter_windows_3.41.4-stable\flutter\bin;C:\Program Files\Common Files\Oracle\Java\javapath;C:\Python313\Scripts\;C:\Python313\;C:\WINDOWS\system32;C:\WINDOWS;C:\WINDOWS\System32\Wbem;C:\WINDOWS\System32\WindowsPowerShell\v1.0\;C:\WINDOWS\System32\OpenSSH\;C:\msys64\mingw64\bin;F:\Inkscape\bin;C:\Program Files (x86)\Microsoft SQL Server\160\Tools\Binn\;C:\Program Files\Microsoft SQL Server\160\Tools\Binn\;C:\Program Files\Microsoft SQL Server\Client SDK\ODBC\170\Tools\Binn\;C:\Program Files\Microsoft SQL Server\160\DTS\Binn\;C:\Program Files (x86)\Microsoft SQL Server\160\DTS\Binn\;C:\Program Files\dotnet\;C:\Program Files\nodejs\;C:\ProgramData\chocolatey\bin;C:\Program Files\nodejs;F:\Android Studio\jbr\bin;C:\Program Files\Docker\Docker\resources\bin;F:\xampp\php;C:\ProgramData\ComposerSetup\bin;C:\tools\php84;F:\Softwares\java-1.8.0-openjdk-1.8.0.392-1.b08.redhat.windows.x86_64\bin;C:\Users\ashab\AppData\Roaming\Python\Python313\Scripts;F:\7-Zip;C:\Users\ashab\AppData\Local\Pub\Cache\bin;C:\Users\ashab\AppData\Roaming\npm;C:\Users\ashab\AppData\Local\Android\Sdk;F:\Android Studio\jbr;C:\msys64\mingw64\bin;C:\msys64\usr\bin;C:\MinGW\bin;C:\Users\ashab\AppData\Local\Microsoft\WindowsApps;C:\Program Files\NASM;C:\msys64\mingw64\bin;C:\Program Files\PostgreSQL\18\bin;F:\Git\cmd;C:\Users\ashab\AppData\Roaming\Python\Python313\site-packages;F:\Softwares\flutter_windows_3.41.4-stable\flutter\bin;C:\Program Files\Common Files\Oracle\Java\javapath;C:\Python313\Scripts\;C:\Python313\;C:\WINDOWS\system32;C:\WINDOWS;C:\WINDOWS\System32\Wbem;C:\WINDOWS\System32\WindowsPowerShell\v1.0\;C:\WINDOWS\System32\OpenSSH\;C:\msys64\mingw64\bin;F:\Inkscape\bin;C:\Program Files (x86)\Microsoft SQL Server\160\Tools\Binn\;C:\Program Files\Microsoft SQL Server\160\Tools\Binn\;C:\Program Files\Microsoft SQL Server\Client SDK\ODBC\170\Tools\Binn\;C:\Program Files\Microsoft SQL Server\160\DTS\Binn\;C:\Program Files (x86)\Microsoft SQL Server\160\DTS\Binn\;C:\Program Files\dotnet\;C:\Program Files\nodejs\;C:\ProgramData\chocolatey\bin;C:\Program Files\nodejs;F:\Java\bin;C:\Program Files\Docker\Docker\resources\bin;F:\xampp\php;C:\ProgramData\ComposerSetup\bin;C:\tools\php84;F:\Softwares\java-1.8.0-openjdk-1.8.0.392-1.b08.redhat.windows.x86_64\bin;C:\Users\ashab\AppData\Roaming\Python\Python313\Scripts;F:\7-Zip;F:\Git\cmd;C:\Users\ashab\AppData\Local\Pub\Cache\bin;C:\Users\ashab\AppData\Roaming\npm;C:\Users\ashab\AppData\Local\Programs\Microsoft VS Code\bin;C:\Users\ashab\AppData\Local\Android\Sdk;F:\Android Studio\jbr;C:\msys64\mingw64\bin;C:\msys64\usr\bin;C:\MinGW\bin;C:\Users\ashab\AppData\Local\Microsoft\WindowsApps;C:\Program Files\NASM;C:\msys64\mingw64\bin;C:\Program Files\PostgreSQL\18\bin;C:\Users\ashab\AppData\Local\Microsoft\WinGet\Links;C:\Users\ashab\AppData\Roaming\Python\Python313\site-packages;F:\Antigravity\bin
USERNAME=ashab
OS=Windows_NT
PROCESSOR_IDENTIFIER=AMD64 Family 23 Model 104 Stepping 1, AuthenticAMD
TMP=C:\Users\ashab\AppData\Local\Temp
TEMP=C:\Users\ashab\AppData\Local\Temp




Periodic native trim disabled

---------------  S Y S T E M  ---------------

OS:
 Windows 11 , 64 bit Build 26100 (10.0.26100.8246)
OS uptime: 1 days 17:04 hours
Hyper-V role detected

CPU: total 12 (initial active 12) (12 cores per cpu, 2 threads per core) family 23 model 104 stepping 1 microcode 0x8608107, cx8, cmov, fxsr, ht, mmx, 3dnowpref, sse, sse2, sse3, ssse3, sse4a, sse4.1, sse4.2, popcnt, lzcnt, tsc, tscinvbit, avx, avx2, aes, clmul, bmi1, bmi2, adx, sha, fma, vzeroupper, clflush, clflushopt, hv, rdtscp, rdpid, f16c
Processor Information for processor 0
  Max Mhz: 2100, Current Mhz: 1988, Mhz Limit: 2100
Processor Information for processor 1
  Max Mhz: 2100, Current Mhz: 1988, Mhz Limit: 2100
Processor Information for processor 2
  Max Mhz: 2100, Current Mhz: 1988, Mhz Limit: 2100
Processor Information for processor 3
  Max Mhz: 2100, Current Mhz: 1988, Mhz Limit: 2100
Processor Information for processor 4
  Max Mhz: 2100, Current Mhz: 1988, Mhz Limit: 2100
Processor Information for processor 5
  Max Mhz: 2100, Current Mhz: 1988, Mhz Limit: 2100
Processor Information for processor 6
  Max Mhz: 2100, Current Mhz: 1988, Mhz Limit: 2100
Processor Information for processor 7
  Max Mhz: 2100, Current Mhz: 1988, Mhz Limit: 2100
Processor Information for processor 8
  Max Mhz: 2100, Current Mhz: 1988, Mhz Limit: 2100
Processor Information for processor 9
  Max Mhz: 2100, Current Mhz: 2100, Mhz Limit: 2100
Processor Information for processor 10
  Max Mhz: 2100, Current Mhz: 2100, Mhz Limit: 2100
Processor Information for processor 11
  Max Mhz: 2100, Current Mhz: 2100, Mhz Limit: 2100

Memory: 4k page, system-wide physical 14181M (686M free)
TotalPageFile size 39101M (AvailPageFile size 6M)
current process WorkingSet (physical memory assigned to process): 334M, peak: 334M
current process commit charge ("private bytes"): 374M, peak: 412M

vm_info: OpenJDK 64-Bit Server VM (21.0.10+7-LTS) for windows-amd64 JRE (21.0.10+7-LTS), built on 2026-01-20T00:00:00Z by "admin" with MS VC++ 17.12 (VS2022)

END.
